<?xml version="1.0" encoding="UTF-8"?>
<testsuite name="Tests.P3" tests="6" skipped="0" failures="0" errors="0" timestamp="2021-02-24T13:11:35" hostname="DESKTOP-VBMVFV9" time="3.02">
  <properties/>
  <testcase name="verify1" classname="Tests.P3" time="1.506"/>
  <testcase name="verify2" classname="Tests.P3" time="0.0"/>
  <testcase name="testUtil12" classname="Tests.P3" time="0.001"/>
  <testcase name="verify1" classname="Tests.P3" time="1.502"/>
  <testcase name="verify2" classname="Tests.P3" time="0.0"/>
  <testcase name="testUtil12" classname="Tests.P3" time="0.0"/>
  <system-out><![CDATA[]]></system-out>
  <system-err><![CDATA[]]></system-err>
</testsuite>
