<?xml version="1.0" encoding="UTF-8"?>
<testsuite name="Tests.P6" tests="0" skipped="0" failures="0" errors="0" timestamp="1970-01-01T00:00:00" hostname="DESKTOP-VBMVFV9" time="0.0">
  <properties/>
  <system-out><![CDATA[ *****Iniciando Testeo
 ******Finalisando Testeo
]]></system-out>
  <system-err><![CDATA[]]></system-err>
</testsuite>
